{
 "cells": [
  {
   "cell_type": "code",
   "execution_count": 9,
   "metadata": {},
   "outputs": [],
   "source": [
    "%reload_ext sql"
   ]
  },
  {
   "cell_type": "code",
   "execution_count": 10,
   "metadata": {},
   "outputs": [],
   "source": [
    "%sql postgresql+psycopg2://ilhaam.ahmed:password@127.0.0.1:5432/db_performance"
   ]
  },
  {
   "cell_type": "code",
   "execution_count": 11,
   "metadata": {},
   "outputs": [
    {
     "name": "stdout",
     "output_type": "stream",
     "text": [
      " * postgresql+psycopg2://ilhaam.ahmed:***@127.0.0.1:5432/db_performance\n",
      "3 rows affected.\n"
     ]
    },
    {
     "data": {
      "text/html": [
       "<table>\n",
       "    <tr>\n",
       "        <th>id</th>\n",
       "        <th>name</th>\n",
       "        <th>average_age</th>\n",
       "    </tr>\n",
       "    <tr>\n",
       "        <td>1</td>\n",
       "        <td>Mathematics</td>\n",
       "        <td>20.5000000000000000</td>\n",
       "    </tr>\n",
       "    <tr>\n",
       "        <td>2</td>\n",
       "        <td>Physics</td>\n",
       "        <td>21.5000000000000000</td>\n",
       "    </tr>\n",
       "    <tr>\n",
       "        <td>3</td>\n",
       "        <td>Chemistry</td>\n",
       "        <td>22.0000000000000000</td>\n",
       "    </tr>\n",
       "</table>"
      ],
      "text/plain": [
       "[(1, 'Mathematics', Decimal('20.5000000000000000')),\n",
       " (2, 'Physics', Decimal('21.5000000000000000')),\n",
       " (3, 'Chemistry', Decimal('22.0000000000000000'))]"
      ]
     },
     "execution_count": 11,
     "metadata": {},
     "output_type": "execute_result"
    }
   ],
   "source": [
    "%%sql\n",
    "\n",
    "SELECT c.id, c.name, (SELECT AVG(age) FROM students WHERE course_id = c.id) AS average_age\n",
    "FROM courses c;"
   ]
  },
  {
   "cell_type": "code",
   "execution_count": 12,
   "metadata": {},
   "outputs": [
    {
     "name": "stdout",
     "output_type": "stream",
     "text": [
      " * postgresql+psycopg2://ilhaam.ahmed:***@127.0.0.1:5432/db_performance\n",
      "8 rows affected.\n"
     ]
    },
    {
     "data": {
      "text/html": [
       "<table>\n",
       "    <tr>\n",
       "        <th>QUERY PLAN</th>\n",
       "    </tr>\n",
       "    <tr>\n",
       "        <td>Seq Scan on courses c  (cost=0.00..4.26 rows=3 width=552) (actual time=0.032..0.041 rows=3 loops=1)</td>\n",
       "    </tr>\n",
       "    <tr>\n",
       "        <td>&nbsp;&nbsp;SubPlan 1</td>\n",
       "    </tr>\n",
       "    <tr>\n",
       "        <td>&nbsp;&nbsp;&nbsp;&nbsp;-&gt;  Aggregate  (cost=1.07..1.08 rows=1 width=32) (actual time=0.007..0.007 rows=1 loops=3)</td>\n",
       "    </tr>\n",
       "    <tr>\n",
       "        <td>&nbsp;&nbsp;&nbsp;&nbsp;&nbsp;&nbsp;&nbsp;&nbsp;&nbsp;&nbsp;-&gt;  Seq Scan on students  (cost=0.00..1.06 rows=1 width=4) (actual time=0.002..0.003 rows=2 loops=3)</td>\n",
       "    </tr>\n",
       "    <tr>\n",
       "        <td>&nbsp;&nbsp;&nbsp;&nbsp;&nbsp;&nbsp;&nbsp;&nbsp;&nbsp;&nbsp;&nbsp;&nbsp;&nbsp;&nbsp;&nbsp;&nbsp;Filter: (course_id = c.id)</td>\n",
       "    </tr>\n",
       "    <tr>\n",
       "        <td>&nbsp;&nbsp;&nbsp;&nbsp;&nbsp;&nbsp;&nbsp;&nbsp;&nbsp;&nbsp;&nbsp;&nbsp;&nbsp;&nbsp;&nbsp;&nbsp;Rows Removed by Filter: 3</td>\n",
       "    </tr>\n",
       "    <tr>\n",
       "        <td>Planning Time: 0.144 ms</td>\n",
       "    </tr>\n",
       "    <tr>\n",
       "        <td>Execution Time: 0.074 ms</td>\n",
       "    </tr>\n",
       "</table>"
      ],
      "text/plain": [
       "[('Seq Scan on courses c  (cost=0.00..4.26 rows=3 width=552) (actual time=0.032..0.041 rows=3 loops=1)',),\n",
       " ('  SubPlan 1',),\n",
       " ('    ->  Aggregate  (cost=1.07..1.08 rows=1 width=32) (actual time=0.007..0.007 rows=1 loops=3)',),\n",
       " ('          ->  Seq Scan on students  (cost=0.00..1.06 rows=1 width=4) (actual time=0.002..0.003 rows=2 loops=3)',),\n",
       " ('                Filter: (course_id = c.id)',),\n",
       " ('                Rows Removed by Filter: 3',),\n",
       " ('Planning Time: 0.144 ms',),\n",
       " ('Execution Time: 0.074 ms',)]"
      ]
     },
     "execution_count": 12,
     "metadata": {},
     "output_type": "execute_result"
    }
   ],
   "source": [
    "%%sql\n",
    "\n",
    "EXPLAIN ANALYZE SELECT c.id, c.name, (SELECT AVG(age) FROM students WHERE course_id = c.id) AS average_age\n",
    "FROM courses c;"
   ]
  },
  {
   "cell_type": "code",
   "execution_count": 13,
   "metadata": {},
   "outputs": [
    {
     "name": "stdout",
     "output_type": "stream",
     "text": [
      " * postgresql+psycopg2://ilhaam.ahmed:***@127.0.0.1:5432/db_performance\n",
      "3 rows affected.\n"
     ]
    },
    {
     "data": {
      "text/html": [
       "<table>\n",
       "    <tr>\n",
       "        <th>id</th>\n",
       "        <th>name</th>\n",
       "        <th>average_age</th>\n",
       "    </tr>\n",
       "    <tr>\n",
       "        <td>1</td>\n",
       "        <td>Mathematics</td>\n",
       "        <td>20.5000000000000000</td>\n",
       "    </tr>\n",
       "    <tr>\n",
       "        <td>2</td>\n",
       "        <td>Physics</td>\n",
       "        <td>21.5000000000000000</td>\n",
       "    </tr>\n",
       "    <tr>\n",
       "        <td>3</td>\n",
       "        <td>Chemistry</td>\n",
       "        <td>22.0000000000000000</td>\n",
       "    </tr>\n",
       "</table>"
      ],
      "text/plain": [
       "[(1, 'Mathematics', Decimal('20.5000000000000000')),\n",
       " (2, 'Physics', Decimal('21.5000000000000000')),\n",
       " (3, 'Chemistry', Decimal('22.0000000000000000'))]"
      ]
     },
     "execution_count": 13,
     "metadata": {},
     "output_type": "execute_result"
    }
   ],
   "source": [
    "%%sql\n",
    "\n",
    "SELECT c.id, c.name, t.average_age \n",
    "FROM courses c\n",
    "LEFT JOIN (SELECT course_id, AVG(age) AS average_age FROM students GROUP BY course_id) t\n",
    "ON c.id = t.course_id;"
   ]
  },
  {
   "cell_type": "code",
   "execution_count": 14,
   "metadata": {},
   "outputs": [
    {
     "name": "stdout",
     "output_type": "stream",
     "text": [
      " * postgresql+psycopg2://ilhaam.ahmed:***@127.0.0.1:5432/db_performance\n",
      "12 rows affected.\n"
     ]
    },
    {
     "data": {
      "text/html": [
       "<table>\n",
       "    <tr>\n",
       "        <th>QUERY PLAN</th>\n",
       "    </tr>\n",
       "    <tr>\n",
       "        <td>Hash Left Join  (cost=1.25..2.30 rows=3 width=552) (actual time=0.064..0.066 rows=3 loops=1)</td>\n",
       "    </tr>\n",
       "    <tr>\n",
       "        <td>&nbsp;&nbsp;Hash Cond: (c.id = t.course_id)</td>\n",
       "    </tr>\n",
       "    <tr>\n",
       "        <td>&nbsp;&nbsp;-&gt;  Seq Scan on courses c  (cost=0.00..1.03 rows=3 width=520) (actual time=0.011..0.012 rows=3 loops=1)</td>\n",
       "    </tr>\n",
       "    <tr>\n",
       "        <td>&nbsp;&nbsp;-&gt;  Hash  (cost=1.19..1.19 rows=5 width=36) (actual time=0.044..0.045 rows=3 loops=1)</td>\n",
       "    </tr>\n",
       "    <tr>\n",
       "        <td>&nbsp;&nbsp;&nbsp;&nbsp;&nbsp;&nbsp;&nbsp;&nbsp;Buckets: 1024  Batches: 1  Memory Usage: 9kB</td>\n",
       "    </tr>\n",
       "    <tr>\n",
       "        <td>&nbsp;&nbsp;&nbsp;&nbsp;&nbsp;&nbsp;&nbsp;&nbsp;-&gt;  Subquery Scan on t  (cost=1.07..1.19 rows=5 width=36) (actual time=0.022..0.024 rows=3 loops=1)</td>\n",
       "    </tr>\n",
       "    <tr>\n",
       "        <td>&nbsp;&nbsp;&nbsp;&nbsp;&nbsp;&nbsp;&nbsp;&nbsp;&nbsp;&nbsp;&nbsp;&nbsp;&nbsp;&nbsp;-&gt;  HashAggregate  (cost=1.07..1.14 rows=5 width=36) (actual time=0.021..0.023 rows=3 loops=1)</td>\n",
       "    </tr>\n",
       "    <tr>\n",
       "        <td>&nbsp;&nbsp;&nbsp;&nbsp;&nbsp;&nbsp;&nbsp;&nbsp;&nbsp;&nbsp;&nbsp;&nbsp;&nbsp;&nbsp;&nbsp;&nbsp;&nbsp;&nbsp;&nbsp;&nbsp;Group Key: students.course_id</td>\n",
       "    </tr>\n",
       "    <tr>\n",
       "        <td>&nbsp;&nbsp;&nbsp;&nbsp;&nbsp;&nbsp;&nbsp;&nbsp;&nbsp;&nbsp;&nbsp;&nbsp;&nbsp;&nbsp;&nbsp;&nbsp;&nbsp;&nbsp;&nbsp;&nbsp;Batches: 1  Memory Usage: 24kB</td>\n",
       "    </tr>\n",
       "    <tr>\n",
       "        <td>&nbsp;&nbsp;&nbsp;&nbsp;&nbsp;&nbsp;&nbsp;&nbsp;&nbsp;&nbsp;&nbsp;&nbsp;&nbsp;&nbsp;&nbsp;&nbsp;&nbsp;&nbsp;&nbsp;&nbsp;-&gt;  Seq Scan on students  (cost=0.00..1.05 rows=5 width=8) (actual time=0.003..0.004 rows=5 loops=1)</td>\n",
       "    </tr>\n",
       "    <tr>\n",
       "        <td>Planning Time: 0.168 ms</td>\n",
       "    </tr>\n",
       "    <tr>\n",
       "        <td>Execution Time: 0.121 ms</td>\n",
       "    </tr>\n",
       "</table>"
      ],
      "text/plain": [
       "[('Hash Left Join  (cost=1.25..2.30 rows=3 width=552) (actual time=0.064..0.066 rows=3 loops=1)',),\n",
       " ('  Hash Cond: (c.id = t.course_id)',),\n",
       " ('  ->  Seq Scan on courses c  (cost=0.00..1.03 rows=3 width=520) (actual time=0.011..0.012 rows=3 loops=1)',),\n",
       " ('  ->  Hash  (cost=1.19..1.19 rows=5 width=36) (actual time=0.044..0.045 rows=3 loops=1)',),\n",
       " ('        Buckets: 1024  Batches: 1  Memory Usage: 9kB',),\n",
       " ('        ->  Subquery Scan on t  (cost=1.07..1.19 rows=5 width=36) (actual time=0.022..0.024 rows=3 loops=1)',),\n",
       " ('              ->  HashAggregate  (cost=1.07..1.14 rows=5 width=36) (actual time=0.021..0.023 rows=3 loops=1)',),\n",
       " ('                    Group Key: students.course_id',),\n",
       " ('                    Batches: 1  Memory Usage: 24kB',),\n",
       " ('                    ->  Seq Scan on students  (cost=0.00..1.05 rows=5 width=8) (actual time=0.003..0.004 rows=5 loops=1)',),\n",
       " ('Planning Time: 0.168 ms',),\n",
       " ('Execution Time: 0.121 ms',)]"
      ]
     },
     "execution_count": 14,
     "metadata": {},
     "output_type": "execute_result"
    }
   ],
   "source": [
    "%%sql\n",
    "\n",
    "EXPLAIN ANALYZE SELECT c.id, c.name, t.average_age \n",
    "FROM courses c\n",
    "LEFT JOIN (\n",
    "    SELECT course_id, AVG(age) AS average_age \n",
    "    FROM students \n",
    "    GROUP BY course_id) t\n",
    "ON c.id = t.course_id;"
   ]
  },
  {
   "attachments": {},
   "cell_type": "markdown",
   "metadata": {},
   "source": [
    "### What is the code doing?\n",
    "\n",
    "I've rewritten the query to improve its readability and I've added a subquery using a LEFT JOIN. To explain what the subquery does, it groups the students table by course_id and calculates the average for each course. The subquery is stored as average_age and the alias 't' is used. I then use a LEFT JOIN between the courses table and the subquery results and join this on the id for both.\n",
    "\n",
    "### Insights\n",
    "\n",
    "1. The EXPLAIN ANALYZE on the original query gives a shorter execution time\n",
    "2. The EXPLAIN ANALYZE on the rewritten query gives a longer execution time\n",
    "3. The rewritten query is definitely more conside and easier to read\n",
    "4. The EXPLAIN ANALYZE results for rewritten query use Hash operations as there are aggregation tasks such as GROUP BY, where the data is hashed based on grouping keys calculate aggregate functions. My research indicates that hash operations can significantly speed up query processing but for some reason the execution time is shorter for the original query. Though I understand that this can depend on the specific dataset and database system being used."
   ]
  }
 ],
 "metadata": {
  "kernelspec": {
   "display_name": "analytical_databases_venv",
   "language": "python",
   "name": "python3"
  },
  "language_info": {
   "codemirror_mode": {
    "name": "ipython",
    "version": 3
   },
   "file_extension": ".py",
   "mimetype": "text/x-python",
   "name": "python",
   "nbconvert_exporter": "python",
   "pygments_lexer": "ipython3",
   "version": "3.11.2"
  },
  "orig_nbformat": 4
 },
 "nbformat": 4,
 "nbformat_minor": 2
}
